#
# There is insufficient memory for the Java Runtime Environment to continue.
# Native memory allocation (malloc) failed to allocate 32744 bytes for ChunkPool::allocate
# Possible reasons:
#   The system is out of physical RAM or swap space
#   The process is running with CompressedOops enabled, and the Java Heap may be blocking the growth of the native heap
# Possible solutions:
#   Reduce memory load on the system
#   Increase physical memory or swap space
#   Check if swap backing store is full
#   Decrease Java heap size (-Xmx/-Xms)
#   Decrease number of Java threads
#   Decrease Java thread stack sizes (-Xss)
#   Set larger code cache with -XX:ReservedCodeCacheSize=
#   JVM is running with Unscaled Compressed Oops mode in which the Java heap is
#     placed in the first 4GB address space. The Java Heap base address is the
#     maximum limit for the native heap growth. Please use -XX:HeapBaseMinAddress
#     to set the Java Heap base and to place the Java Heap above 4GB virtual address.
# This output file may be truncated or incomplete.
#
#  Out of Memory Error (./src/hotspot/share/memory/arena.cpp:81), pid=13656, tid=2424
#
# JRE version: OpenJDK Runtime Environment 18.9 (11.0.14.1+1) (build 11.0.14.1+1)
# Java VM: OpenJDK 64-Bit Server VM 18.9 (11.0.14.1+1, mixed mode, tiered, compressed oops, g1 gc, windows-amd64)
# No core dump will be written. Minidumps are not enabled by default on client versions of Windows
#

---------------  S U M M A R Y ------------

Command Line: -Xmx64m -Xms64m -Dorg.gradle.appname=gradlew org.gradle.wrapper.GradleWrapperMain app:installDebug -PreactNativeDevServerPort=8081

Host: AMD Ryzen 7 4700U with Radeon Graphics         , 8 cores, 7G,  Windows 10 , 64 bit Build 19041 (10.0.19041.1566)
Time: Thu Apr  7 14:21:18 2022 Jerusalem Daylight Time elapsed time: 15.802735 seconds (0d 0h 0m 15s)

---------------  T H R E A D  ---------------

Current thread (0x000001aac0942000):  JavaThread "C2 CompilerThread0" daemon [_thread_in_native, id=2424, stack(0x0000001312b00000,0x0000001312c00000)]


Current CompileTask:
C2:  15802 1412       4       jdk.internal.org.objectweb.asm.Item::set (219 bytes)

Stack: [0x0000001312b00000,0x0000001312c00000]
Native frames: (J=compiled Java code, j=interpreted, Vv=VM code, C=native code)
V  [jvm.dll+0x619a2a]
V  [jvm.dll+0x756479]
V  [jvm.dll+0x757b68]
V  [jvm.dll+0x758243]
V  [jvm.dll+0x24d898]
V  [jvm.dll+0xc16bb]
V  [jvm.dll+0xc1a1c]
V  [jvm.dll+0xc156b]
V  [jvm.dll+0x5f879f]
V  [jvm.dll+0x649d43]
V  [jvm.dll+0x19d13d]
V  [jvm.dll+0x206d32]
V  [jvm.dll+0x205e0d]
V  [jvm.dll+0x187dd1]
V  [jvm.dll+0x215664]
V  [jvm.dll+0x2138ab]
V  [jvm.dll+0x719160]
V  [jvm.dll+0x7120c4]
V  [jvm.dll+0x618886]
C  [ucrtbase.dll+0x21bb2]
C  [KERNEL32.DLL+0x17034]
C  [ntdll.dll+0x52651]


---------------  P R O C E S S  ---------------

Threads class SMR info:
_java_thread_list=0x000001aac183b660, length=12, elements={
0x000001aaa5a81000, 0x000001aac08b8000, 0x000001aac08e4000, 0x000001aac0938000,
0x000001aac093a000, 0x000001aac093e800, 0x000001aac0942000, 0x000001aac0943000,
0x000001aac0946000, 0x000001aac0bbd000, 0x000001aac16e3800, 0x000001aac181a800
}

Java Threads: ( => current thread )
  0x000001aaa5a81000 JavaThread "main" [_thread_blocked, id=10660, stack(0x0000001311f00000,0x0000001312000000)]
  0x000001aac08b8000 JavaThread "Reference Handler" daemon [_thread_blocked, id=13844, stack(0x0000001312600000,0x0000001312700000)]
  0x000001aac08e4000 JavaThread "Finalizer" daemon [_thread_blocked, id=17584, stack(0x0000001312700000,0x0000001312800000)]
  0x000001aac0938000 JavaThread "Signal Dispatcher" daemon [_thread_blocked, id=10812, stack(0x0000001312800000,0x0000001312900000)]
  0x000001aac093a000 JavaThread "Attach Listener" daemon [_thread_blocked, id=6332, stack(0x0000001312900000,0x0000001312a00000)]
  0x000001aac093e800 JavaThread "Service Thread" daemon [_thread_blocked, id=10444, stack(0x0000001312a00000,0x0000001312b00000)]
=>0x000001aac0942000 JavaThread "C2 CompilerThread0" daemon [_thread_in_native, id=2424, stack(0x0000001312b00000,0x0000001312c00000)]
  0x000001aac0943000 JavaThread "C1 CompilerThread0" daemon [_thread_blocked, id=6004, stack(0x0000001312c00000,0x0000001312d00000)]
  0x000001aac0946000 JavaThread "Sweeper thread" daemon [_thread_blocked, id=2060, stack(0x0000001312d00000,0x0000001312e00000)]
  0x000001aac0bbd000 JavaThread "Common-Cleaner" daemon [_thread_blocked, id=15376, stack(0x0000001312f00000,0x0000001313000000)]
  0x000001aac16e3800 JavaThread "DisconnectableInputStream source reader" daemon [_thread_in_native, id=10072, stack(0x0000001313500000,0x0000001313600000)]
  0x000001aac181a800 JavaThread "C2 CompilerThread1" daemon [_thread_blocked, id=9444, stack(0x0000001313600000,0x0000001313700000)]

Other Threads:
  0x000001aac08b5000 VMThread "VM Thread" [stack: 0x0000001312500000,0x0000001312600000] [id=10364]
  0x000001aac0bb4800 WatcherThread [stack: 0x0000001312e00000,0x0000001312f00000] [id=9736]
  0x000001aaa5a9a000 GCTaskThread "GC Thread#0" [stack: 0x0000001312000000,0x0000001312100000] [id=5044]
  0x000001aac1587800 GCTaskThread "GC Thread#1" [stack: 0x0000001313200000,0x0000001313300000] [id=17204]
  0x000001aac176e000 GCTaskThread "GC Thread#2" [stack: 0x0000001313300000,0x0000001313400000] [id=6644]
  0x000001aac176f000 GCTaskThread "GC Thread#3" [stack: 0x0000001313400000,0x0000001313500000] [id=8176]
  0x000001aaa5aa1800 ConcurrentGCThread "G1 Main Marker" [stack: 0x0000001312100000,0x0000001312200000] [id=8108]
  0x000001aaa5aa3000 ConcurrentGCThread "G1 Conc#0" [stack: 0x0000001312200000,0x0000001312300000] [id=2492]
  0x000001aaa5b0a800 ConcurrentGCThread "G1 Refine#0" [stack: 0x0000001312300000,0x0000001312400000] [id=11436]
  0x000001aaa5b0c000 ConcurrentGCThread "G1 Young RemSet Sampling" [stack: 0x0000001312400000,0x0000001312500000] [id=17576]

Threads with active compile tasks:
C2 CompilerThread0  15817 1412       4       jdk.internal.org.objectweb.asm.Item::set (219 bytes)

VM state:not at safepoint (normal execution)

VM Mutex/Monitor currently owned by a thread: None

Heap address: 0x00000000fc000000, size: 64 MB, Compressed Oops mode: 32-bit
Narrow klass base: 0x0000000000000000, Narrow klass shift: 3
Compressed class space size: 1073741824 Address: 0x0000000100000000

Heap:
 garbage-first heap   total 65536K, used 28156K [0x00000000fc000000, 0x0000000100000000)
  region size 1024K, 23 young (23552K), 3 survivors (3072K)
 Metaspace       used 17108K, capacity 17419K, committed 17664K, reserved 1064960K
  class space    used 1907K, capacity 2023K, committed 2048K, reserved 1048576K
Heap Regions: E=young(eden), S=young(survivor), O=old, HS=humongous(starts), HC=humongous(continues), CS=collection set, F=free, A=archive, TAMS=top-at-mark-start (previous, next)
|   0|0x00000000fc000000, 0x00000000fc000000, 0x00000000fc100000|  0%| F|  |TAMS 0x00000000fc000000, 0x00000000fc000000| Untracked 
|   1|0x00000000fc100000, 0x00000000fc100000, 0x00000000fc200000|  0%| F|  |TAMS 0x00000000fc100000, 0x00000000fc100000| Untracked 
|   2|0x00000000fc200000, 0x00000000fc200000, 0x00000000fc300000|  0%| F|  |TAMS 0x00000000fc200000, 0x00000000fc200000| Untracked 
|   3|0x00000000fc300000, 0x00000000fc400000, 0x00000000fc400000|100%|HS|  |TAMS 0x00000000fc300000, 0x00000000fc300000| Complete 
|   4|0x00000000fc400000, 0x00000000fc500000, 0x00000000fc500000|100%|HC|  |TAMS 0x00000000fc400000, 0x00000000fc400000| Complete 
|   5|0x00000000fc500000, 0x00000000fc600000, 0x00000000fc600000|100%|HC|  |TAMS 0x00000000fc500000, 0x00000000fc500000| Complete 
|   6|0x00000000fc600000, 0x00000000fc700000, 0x00000000fc700000|100%| O|  |TAMS 0x00000000fc600000, 0x00000000fc600000| Untracked 
|   7|0x00000000fc700000, 0x00000000fc800000, 0x00000000fc800000|100%| O|  |TAMS 0x00000000fc700000, 0x00000000fc700000| Untracked 
|   8|0x00000000fc800000, 0x00000000fc87f000, 0x00000000fc900000| 49%| O|  |TAMS 0x00000000fc800000, 0x00000000fc800000| Untracked 
|   9|0x00000000fc900000, 0x00000000fc900000, 0x00000000fca00000|  0%| F|  |TAMS 0x00000000fc900000, 0x00000000fc900000| Untracked 
|  10|0x00000000fca00000, 0x00000000fca00000, 0x00000000fcb00000|  0%| F|  |TAMS 0x00000000fca00000, 0x00000000fca00000| Untracked 
|  11|0x00000000fcb00000, 0x00000000fcb00000, 0x00000000fcc00000|  0%| F|  |TAMS 0x00000000fcb00000, 0x00000000fcb00000| Untracked 
|  12|0x00000000fcc00000, 0x00000000fcc00000, 0x00000000fcd00000|  0%| F|  |TAMS 0x00000000fcc00000, 0x00000000fcc00000| Untracked 
|  13|0x00000000fcd00000, 0x00000000fcd00000, 0x00000000fce00000|  0%| F|  |TAMS 0x00000000fcd00000, 0x00000000fcd00000| Untracked 
|  14|0x00000000fce00000, 0x00000000fce00000, 0x00000000fcf00000|  0%| F|  |TAMS 0x00000000fce00000, 0x00000000fce00000| Untracked 
|  15|0x00000000fcf00000, 0x00000000fcf00000, 0x00000000fd000000|  0%| F|  |TAMS 0x00000000fcf00000, 0x00000000fcf00000| Untracked 
|  16|0x00000000fd000000, 0x00000000fd000000, 0x00000000fd100000|  0%| F|  |TAMS 0x00000000fd000000, 0x00000000fd000000| Untracked 
|  17|0x00000000fd100000, 0x00000000fd100000, 0x00000000fd200000|  0%| F|  |TAMS 0x00000000fd100000, 0x00000000fd100000| Untracked 
|  18|0x00000000fd200000, 0x00000000fd200000, 0x00000000fd300000|  0%| F|  |TAMS 0x00000000fd200000, 0x00000000fd200000| Untracked 
|  19|0x00000000fd300000, 0x00000000fd300000, 0x00000000fd400000|  0%| F|  |TAMS 0x00000000fd300000, 0x00000000fd300000| Untracked 
|  20|0x00000000fd400000, 0x00000000fd400000, 0x00000000fd500000|  0%| F|  |TAMS 0x00000000fd400000, 0x00000000fd400000| Untracked 
|  21|0x00000000fd500000, 0x00000000fd500000, 0x00000000fd600000|  0%| F|  |TAMS 0x00000000fd500000, 0x00000000fd500000| Untracked 
|  22|0x00000000fd600000, 0x00000000fd600000, 0x00000000fd700000|  0%| F|  |TAMS 0x00000000fd600000, 0x00000000fd600000| Untracked 
|  23|0x00000000fd700000, 0x00000000fd700000, 0x00000000fd800000|  0%| F|  |TAMS 0x00000000fd700000, 0x00000000fd700000| Untracked 
|  24|0x00000000fd800000, 0x00000000fd800000, 0x00000000fd900000|  0%| F|  |TAMS 0x00000000fd800000, 0x00000000fd800000| Untracked 
|  25|0x00000000fd900000, 0x00000000fd900000, 0x00000000fda00000|  0%| F|  |TAMS 0x00000000fd900000, 0x00000000fd900000| Untracked 
|  26|0x00000000fda00000, 0x00000000fda00000, 0x00000000fdb00000|  0%| F|  |TAMS 0x00000000fda00000, 0x00000000fda00000| Untracked 
|  27|0x00000000fdb00000, 0x00000000fdb00000, 0x00000000fdc00000|  0%| F|  |TAMS 0x00000000fdb00000, 0x00000000fdb00000| Untracked 
|  28|0x00000000fdc00000, 0x00000000fdc00000, 0x00000000fdd00000|  0%| F|  |TAMS 0x00000000fdc00000, 0x00000000fdc00000| Untracked 
|  29|0x00000000fdd00000, 0x00000000fdd00000, 0x00000000fde00000|  0%| F|  |TAMS 0x00000000fdd00000, 0x00000000fdd00000| Untracked 
|  30|0x00000000fde00000, 0x00000000fde00000, 0x00000000fdf00000|  0%| F|  |TAMS 0x00000000fde00000, 0x00000000fde00000| Untracked 
|  31|0x00000000fdf00000, 0x00000000fdf00000, 0x00000000fe000000|  0%| F|  |TAMS 0x00000000fdf00000, 0x00000000fdf00000| Untracked 
|  32|0x00000000fe000000, 0x00000000fe000000, 0x00000000fe100000|  0%| F|  |TAMS 0x00000000fe000000, 0x00000000fe000000| Untracked 
|  33|0x00000000fe100000, 0x00000000fe100000, 0x00000000fe200000|  0%| F|  |TAMS 0x00000000fe100000, 0x00000000fe100000| Untracked 
|  34|0x00000000fe200000, 0x00000000fe200000, 0x00000000fe300000|  0%| F|  |TAMS 0x00000000fe200000, 0x00000000fe200000| Untracked 
|  35|0x00000000fe300000, 0x00000000fe300000, 0x00000000fe400000|  0%| F|  |TAMS 0x00000000fe300000, 0x00000000fe300000| Untracked 
|  36|0x00000000fe400000, 0x00000000fe400000, 0x00000000fe500000|  0%| F|  |TAMS 0x00000000fe400000, 0x00000000fe400000| Untracked 
|  37|0x00000000fe500000, 0x00000000fe600000, 0x00000000fe600000|100%| S|CS|TAMS 0x00000000fe500000, 0x00000000fe500000| Complete 
|  38|0x00000000fe600000, 0x00000000fe700000, 0x00000000fe700000|100%| S|CS|TAMS 0x00000000fe600000, 0x00000000fe600000| Complete 
|  39|0x00000000fe700000, 0x00000000fe800000, 0x00000000fe800000|100%| S|CS|TAMS 0x00000000fe700000, 0x00000000fe700000| Complete 
|  40|0x00000000fe800000, 0x00000000fe800000, 0x00000000fe900000|  0%| F|  |TAMS 0x00000000fe800000, 0x00000000fe800000| Untracked 
|  41|0x00000000fe900000, 0x00000000fe900000, 0x00000000fea00000|  0%| F|  |TAMS 0x00000000fe900000, 0x00000000fe900000| Untracked 
|  42|0x00000000fea00000, 0x00000000fea00000, 0x00000000feb00000|  0%| F|  |TAMS 0x00000000fea00000, 0x00000000fea00000| Untracked 
|  43|0x00000000feb00000, 0x00000000feb00000, 0x00000000fec00000|  0%| F|  |TAMS 0x00000000feb00000, 0x00000000feb00000| Untracked 
|  44|0x00000000fec00000, 0x00000000fece4da8, 0x00000000fed00000| 89%| E|  |TAMS 0x00000000fec00000, 0x00000000fec00000| Complete 
|  45|0x00000000fed00000, 0x00000000fee00000, 0x00000000fee00000|100%| E|CS|TAMS 0x00000000fed00000, 0x00000000fed00000| Complete 
|  46|0x00000000fee00000, 0x00000000fef00000, 0x00000000fef00000|100%| E|CS|TAMS 0x00000000fee00000, 0x00000000fee00000| Complete 
|  47|0x00000000fef00000, 0x00000000ff000000, 0x00000000ff000000|100%| E|CS|TAMS 0x00000000fef00000, 0x00000000fef00000| Complete 
|  48|0x00000000ff000000, 0x00000000ff100000, 0x00000000ff100000|100%| E|CS|TAMS 0x00000000ff000000, 0x00000000ff000000| Complete 
|  49|0x00000000ff100000, 0x00000000ff200000, 0x00000000ff200000|100%| E|CS|TAMS 0x00000000ff100000, 0x00000000ff100000| Complete 
|  50|0x00000000ff200000, 0x00000000ff300000, 0x00000000ff300000|100%| E|CS|TAMS 0x00000000ff200000, 0x00000000ff200000| Complete 
|  51|0x00000000ff300000, 0x00000000ff400000, 0x00000000ff400000|100%| E|CS|TAMS 0x00000000ff300000, 0x00000000ff300000| Complete 
|  52|0x00000000ff400000, 0x00000000ff500000, 0x00000000ff500000|100%| E|CS|TAMS 0x00000000ff400000, 0x00000000ff400000| Complete 
|  53|0x00000000ff500000, 0x00000000ff600000, 0x00000000ff600000|100%| E|CS|TAMS 0x00000000ff500000, 0x00000000ff500000| Complete 
|  54|0x00000000ff600000, 0x00000000ff700000, 0x00000000ff700000|100%| E|CS|TAMS 0x00000000ff600000, 0x00000000ff600000| Complete 
|  55|0x00000000ff700000, 0x00000000ff800000, 0x00000000ff800000|100%| E|CS|TAMS 0x00000000ff700000, 0x00000000ff700000| Complete 
|  56|0x00000000ff800000, 0x00000000ff900000, 0x00000000ff900000|100%| E|CS|TAMS 0x00000000ff800000, 0x00000000ff800000| Complete 
|  57|0x00000000ff900000, 0x00000000ffa00000, 0x00000000ffa00000|100%| E|CS|TAMS 0x00000000ff900000, 0x00000000ff900000| Complete 
|  58|0x00000000ffa00000, 0x00000000ffb00000, 0x00000000ffb00000|100%| E|CS|TAMS 0x00000000ffa00000, 0x00000000ffa00000| Complete 
|  59|0x00000000ffb00000, 0x00000000ffc00000, 0x00000000ffc00000|100%| E|CS|TAMS 0x00000000ffb00000, 0x00000000ffb00000| Complete 
|  60|0x00000000ffc00000, 0x00000000ffd00000, 0x00000000ffd00000|100%| E|CS|TAMS 0x00000000ffc00000, 0x00000000ffc00000| Complete 
|  61|0x00000000ffd00000, 0x00000000ffe00000, 0x00000000ffe00000|100%| E|CS|TAMS 0x00000000ffd00000, 0x00000000ffd00000| Complete 
|  62|0x00000000ffe00000, 0x00000000fff00000, 0x00000000fff00000|100%| E|CS|TAMS 0x00000000ffe00000, 0x00000000ffe00000| Complete 
|  63|0x00000000fff00000, 0x0000000100000000, 0x0000000100000000|100%| E|CS|TAMS 0x00000000fff00000, 0x00000000fff00000| Complete 

Card table byte_map: [0x000001aaa3a50000,0x000001aaa3a70000] _byte_map_base: 0x000001aaa3270000

Marking Bits (Prev, Next): (CMBitMap*) 0x000001aaa5a9f4c8, (CMBitMap*) 0x000001aaa5a9f500
 Prev Bits: [0x000001aabd4f0000, 0x000001aabd5f0000)
 Next Bits: [0x000001aabd5f0000, 0x000001aabd6f0000)

Polling page: 0x000001aaa3a00000

Metaspace:

Usage:
  Non-class:     15.04 MB capacity,    14.84 MB ( 99%) used,   170.23 KB (  1%) free+waste,    25.50 KB ( <1%) overhead. 
      Class:      1.98 MB capacity,     1.86 MB ( 94%) used,   102.76 KB (  5%) free+waste,    12.31 KB ( <1%) overhead. 
       Both:     17.01 MB capacity,    16.71 MB ( 98%) used,   272.99 KB (  2%) free+waste,    37.81 KB ( <1%) overhead. 

Virtual space:
  Non-class space:       16.00 MB reserved,      15.25 MB ( 95%) committed 
      Class space:        1.00 GB reserved,       2.00 MB ( <1%) committed 
             Both:        1.02 GB reserved,      17.25 MB (  2%) committed 

Chunk freelists:
   Non-Class:  28.00 KB
       Class:  0 bytes
        Both:  28.00 KB

MaxMetaspaceSize: 17179869184.00 GB
CompressedClassSpaceSize: 1.00 GB
Initial GC threshold: 20.80 MB
Current GC threshold: 20.80 MB
CDS: off

CodeHeap 'non-profiled nmethods': size=120000Kb used=540Kb max_used=540Kb free=119460Kb
 bounds [0x000001aab5c90000, 0x000001aab5f00000, 0x000001aabd1c0000]
CodeHeap 'profiled nmethods': size=120000Kb used=2773Kb max_used=2773Kb free=117226Kb
 bounds [0x000001aaae760000, 0x000001aaaea20000, 0x000001aab5c90000]
CodeHeap 'non-nmethods': size=5760Kb used=1174Kb max_used=1188Kb free=4585Kb
 bounds [0x000001aaae1c0000, 0x000001aaae430000, 0x000001aaae760000]
 total_blobs=1887 nmethods=1447 adapters=353
 compilation: enabled
              stopped_count=0, restarted_count=0
 full_count=0

Compilation events (20 events):
Event: 15.794 Thread 0x000001aac0943000 nmethod 1435 0x000001aaaea0f890 code [0x000001aaaea0fac0, 0x000001aaaea10388]
Event: 15.794 Thread 0x000001aac0943000 1436       3       java.util.Arrays::copyOf (10 bytes)
Event: 15.794 Thread 0x000001aac0943000 nmethod 1436 0x000001aaaea10510 code [0x000001aaaea106c0, 0x000001aaaea107e8]
Event: 15.795 Thread 0x000001aac181a800 nmethod 1417 0x000001aab5d13110 code [0x000001aab5d132c0, 0x000001aab5d137e8]
Event: 15.795 Thread 0x000001aac0943000 1437       1       org.gradle.internal.logging.events.CategorisedOutputEvent::getLogLevel (5 bytes)
Event: 15.795 Thread 0x000001aac0943000 nmethod 1437 0x000001aab5d13990 code [0x000001aab5d13b40, 0x000001aab5d13bf8]
Event: 15.795 Thread 0x000001aac0943000 1438       3       java.nio.CharBuffer::arrayOffset (35 bytes)
Event: 15.795 Thread 0x000001aac181a800 1440       4       org.gradle.internal.logging.text.AbstractLineChoppingStyledTextOutput$StateContext::hasChar (22 bytes)
Event: 15.795 Thread 0x000001aac0943000 nmethod 1438 0x000001aaaea10890 code [0x000001aaaea10a60, 0x000001aaaea10d18]
Event: 15.795 Thread 0x000001aac0943000 1439       3       java.nio.CharBuffer::position (8 bytes)
Event: 15.795 Thread 0x000001aac0943000 nmethod 1439 0x000001aaaea10e90 code [0x000001aaaea11040, 0x000001aaaea11188]
Event: 15.795 Thread 0x000001aac0943000 1441       3       java.nio.ByteBuffer::array (35 bytes)
Event: 15.795 Thread 0x000001aac0943000 nmethod 1441 0x000001aaaea11210 code [0x000001aaaea113e0, 0x000001aaaea11698]
Event: 15.795 Thread 0x000001aac181a800 nmethod 1440 0x000001aab5d13c90 code [0x000001aab5d13e20, 0x000001aab5d13e98]
Event: 15.795 Thread 0x000001aac0943000 1446       1       org.gradle.internal.logging.console.DefaultAnsiExecutor::access$100 (5 bytes)
Event: 15.795 Thread 0x000001aac181a800 1443       4       org.gradle.internal.logging.text.AbstractLineChoppingStyledTextOutput$1::execute (9 bytes)
Event: 15.795 Thread 0x000001aac0943000 nmethod 1446 0x000001aab5d13f90 code [0x000001aab5d14140, 0x000001aab5d141d8]
Event: 15.795 Thread 0x000001aac0943000 1447       3       java.nio.charset.CoderResult::isUnderflow (13 bytes)
Event: 15.795 Thread 0x000001aac0943000 nmethod 1447 0x000001aaaea11810 code [0x000001aaaea119c0, 0x000001aaaea11b18]
Event: 15.797 Thread 0x000001aac0943000 1448       3       sun.nio.cs.SingleByte$Encoder::encodeArrayLoop (233 bytes)

GC Heap History (2 events):
Event: 0.638 GC heap before
{Heap before GC invocations=0 (full 0):
 garbage-first heap   total 65536K, used 29696K [0x00000000fc000000, 0x0000000100000000)
  region size 1024K, 24 young (24576K), 0 survivors (0K)
 Metaspace       used 11148K, capacity 11379K, committed 11520K, reserved 1058816K
  class space    used 1176K, capacity 1259K, committed 1280K, reserved 1048576K
}
Event: 0.642 GC heap after
{Heap after GC invocations=1 (full 0):
 garbage-first heap   total 65536K, used 8700K [0x00000000fc000000, 0x0000000100000000)
  region size 1024K, 3 young (3072K), 3 survivors (3072K)
 Metaspace       used 11148K, capacity 11379K, committed 11520K, reserved 1058816K
  class space    used 1176K, capacity 1259K, committed 1280K, reserved 1048576K
}

Deoptimization events (20 events):
Event: 1.309 Thread 0x000001aac1861000 Uncommon trap: trap_request=0xffffff4d fr.pc=0x000001aab5cce66c relative=0x00000000000000cc
Event: 1.309 Thread 0x000001aac1861000 Uncommon trap: reason=unstable_if action=reinterpret pc=0x000001aab5cce66c method=java.lang.String.getBytes([BIB)V @ 5 c2
Event: 1.309 Thread 0x000001aac1861000 DEOPT PACKING pc=0x000001aab5cce66c sp=0x00000013130fe8c0
Event: 1.309 Thread 0x000001aac1861000 DEOPT UNPACKING pc=0x000001aaae20a1af sp=0x00000013130fe868 mode 2
Event: 1.309 Thread 0x000001aac1861000 Uncommon trap: trap_request=0xffffff4d fr.pc=0x000001aab5ce58b8 relative=0x00000000000003f8
Event: 1.309 Thread 0x000001aac1861000 Uncommon trap: reason=unstable_if action=reinterpret pc=0x000001aab5ce58b8 method=java.lang.AbstractStringBuilder.isLatin1()Z @ 10 c2
Event: 1.309 Thread 0x000001aac1861000 DEOPT PACKING pc=0x000001aab5ce58b8 sp=0x00000013130fe980
Event: 1.309 Thread 0x000001aac1861000 DEOPT UNPACKING pc=0x000001aaae20a1af sp=0x00000013130fe900 mode 2
Event: 3.296 Thread 0x000001aac1861000 Uncommon trap: trap_request=0xffffff4d fr.pc=0x000001aab5cacd9c relative=0x000000000000007c
Event: 3.296 Thread 0x000001aac1861000 Uncommon trap: reason=unstable_if action=reinterpret pc=0x000001aab5cacd9c method=java.lang.String.codePointAt(I)I @ 4 c2
Event: 3.296 Thread 0x000001aac1861000 DEOPT PACKING pc=0x000001aab5cacd9c sp=0x00000013130fe890
Event: 3.296 Thread 0x000001aac1861000 DEOPT UNPACKING pc=0x000001aaae20a1af sp=0x00000013130fe828 mode 2
Event: 15.777 Thread 0x000001aaa5a81000 Uncommon trap: trap_request=0xffffff4d fr.pc=0x000001aab5cb3868 relative=0x0000000000000048
Event: 15.777 Thread 0x000001aaa5a81000 Uncommon trap: reason=unstable_if action=reinterpret pc=0x000001aab5cb3868 method=java.net.URI.match(CJJ)Z @ 19 c2
Event: 15.777 Thread 0x000001aaa5a81000 DEOPT PACKING pc=0x000001aab5cb3868 sp=0x0000001311ffcf10
Event: 15.777 Thread 0x000001aaa5a81000 DEOPT UNPACKING pc=0x000001aaae20a1af sp=0x0000001311ffce98 mode 2
Event: 15.777 Thread 0x000001aaa5a81000 Uncommon trap: trap_request=0xffffff4d fr.pc=0x000001aab5cff164 relative=0x00000000000001a4
Event: 15.777 Thread 0x000001aaa5a81000 Uncommon trap: reason=unstable_if action=reinterpret pc=0x000001aab5cff164 method=java.net.URI.match(CJJ)Z @ 19 c2
Event: 15.777 Thread 0x000001aaa5a81000 DEOPT PACKING pc=0x000001aab5cff164 sp=0x0000001311ffce00
Event: 15.777 Thread 0x000001aaa5a81000 DEOPT UNPACKING pc=0x000001aaae20a1af sp=0x0000001311ffcd00 mode 2

Classes redefined (0 events):
No events

Internal exceptions (20 events):
Event: 0.178 Thread 0x000001aaa5a81000 Exception <a 'java/lang/NoSuchMethodError'{0x00000000ffc4ee28}: 'int java.lang.invoke.DirectMethodHandle$Holder.invokeStaticInit(java.lang.Object, java.lang.Object)'> (0x00000000ffc4ee28) thrown at [./src/hotspot/share/interpreter/linkResolver.cpp, line 773]
Event: 0.204 Thread 0x000001aaa5a81000 Exception <a 'java/lang/NoSuchMethodError'{0x00000000ffb0e478}: 'int java.lang.invoke.DirectMethodHandle$Holder.invokeSpecial(java.lang.Object, java.lang.Object, java.lang.Object, java.lang.Object)'> (0x00000000ffb0e478) thrown at [./src/hotspot/share/interpreter/linkResolver.cpp, line 773]
Event: 0.209 Thread 0x000001aaa5a81000 Exception <a 'java/lang/NoSuchMethodError'{0x00000000ffb412d8}: 'int java.lang.invoke.DirectMethodHandle$Holder.invokeSpecialIFC(java.lang.Object, java.lang.Object, int)'> (0x00000000ffb412d8) thrown at [./src/hotspot/share/interpreter/linkResolver.cpp, line 773]
Event: 0.562 Thread 0x000001aaa5a81000 Exception <a 'java/lang/NoClassDefFoundError'{0x00000000fec39878}: org/slf4j/impl/StaticMarkerBinder> (0x00000000fec39878) thrown at [./src/hotspot/share/classfile/systemDictionary.cpp, line 219]
Event: 0.575 Thread 0x000001aaa5a81000 Exception <a 'java/lang/NoSuchMethodError'{0x00000000fecd5fd0}: 'java.lang.Object java.lang.invoke.DirectMethodHandle$Holder.invokeVirtual(java.lang.Object, java.lang.Object, java.lang.Object, java.lang.Object, java.lang.Object, java.lang.Object)'> (0x00000000fecd5fd0) thrown at [./src/hotspot/share/interpreter/linkResolver.cpp, line 773]
Event: 0.653 Thread 0x000001aaa5a81000 Exception <a 'java/lang/NoSuchMethodError'{0x00000000fff73f88}: 'void java.lang.invoke.DelegatingMethodHandle$Holder.delegate(java.lang.Object, java.lang.Object, int, java.lang.Object)'> (0x00000000fff73f88) thrown at [./src/hotspot/share/interpreter/linkResolver.cpp, line 773]
Event: 0.673 Thread 0x000001aaa5a81000 Exception <a 'java/lang/NoSuchMethodError'{0x00000000ffd60ff0}: 'java.lang.Object java.lang.invoke.DirectMethodHandle$Holder.invokeInterface(java.lang.Object, java.lang.Object, java.lang.Object)'> (0x00000000ffd60ff0) thrown at [./src/hotspot/share/interpreter/linkResolver.cpp, line 773]
Event: 0.716 Thread 0x000001aaa5a81000 Exception <a 'java/lang/NoSuchMethodError'{0x00000000ffb70be8}: 'java.lang.Object java.lang.invoke.DirectMethodHandle$Holder.invokeStaticInit(java.lang.Object, java.lang.Object, java.lang.Object)'> (0x00000000ffb70be8) thrown at [./src/hotspot/share/interpreter/linkResolver.cpp, line 773]
Event: 0.785 Thread 0x000001aaa5a81000 Exception <a 'java/lang/NoSuchMethodError'{0x00000000ff65eb70}: 'java.lang.Object java.lang.invoke.DirectMethodHandle$Holder.invokeStaticInit(java.lang.Object, int, int, int, int)'> (0x00000000ff65eb70) thrown at [./src/hotspot/share/interpreter/linkResolver.cpp, line 773]
Event: 0.965 Thread 0x000001aaa5a81000 Exception <a 'java/lang/NoSuchMethodError'{0x00000000ff52a988}: 'java.lang.Object java.lang.invoke.DirectMethodHandle$Holder.invokeStaticInit(java.lang.Object, java.lang.Object, int, int, int, int)'> (0x00000000ff52a988) thrown at [./src/hotspot/share/interpreter/linkResolver.cpp, line 773]
Event: 1.160 Thread 0x000001aaa5a81000 Implicit null exception at 0x000001aab5cbfd74 to 0x000001aab5cc02f0
Event: 1.160 Thread 0x000001aaa5a81000 Implicit null exception at 0x000001aab5ccd4f4 to 0x000001aab5ccda44
Event: 1.290 Thread 0x000001aac1861000 Exception <a 'java/lang/NoSuchMethodError'{0x00000000fee140a0}: 'void java.lang.invoke.DirectMethodHandle$Holder.invokeStatic(java.lang.Object, long)'> (0x00000000fee140a0) thrown at [./src/hotspot/share/interpreter/linkResolver.cpp, line 773]
Event: 1.290 Thread 0x000001aac1861000 Exception <a 'java/lang/NoSuchMethodError'{0x00000000fee192f0}: 'java.lang.Object java.lang.invoke.DirectMethodHandle$Holder.invokeStatic(java.lang.Object, long)'> (0x00000000fee192f0) thrown at [./src/hotspot/share/interpreter/linkResolver.cpp, line 773]
Event: 1.293 Thread 0x000001aac1861000 Exception <a 'java/lang/NoSuchMethodError'{0x00000000fee27390}: 'java.lang.Object java.lang.invoke.DirectMethodHandle$Holder.invokeStaticInit(java.lang.Object, java.lang.Object, long, java.lang.Object)'> (0x00000000fee27390) thrown at [./src/hotspot/share/interpreter/linkResolver.cpp, line 773]
Event: 1.293 Thread 0x000001aac1861000 Exception <a 'java/lang/NoSuchMethodError'{0x00000000fee2d2b8}: 'java.lang.Object java.lang.invoke.DirectMethodHandle$Holder.invokeStatic(java.lang.Object, java.lang.Object, long)'> (0x00000000fee2d2b8) thrown at [./src/hotspot/share/interpreter/linkResolver.cpp, line 773]
Event: 1.294 Thread 0x000001aac1861000 Exception <a 'java/lang/NoSuchMethodError'{0x00000000fee337e0}: 'java.lang.Object java.lang.invoke.Invokers$Holder.linkToTargetMethod(java.lang.Object, long, java.lang.Object)'> (0x00000000fee337e0) thrown at [./src/hotspot/share/interpreter/linkResolver.cpp, line 773]
Event: 15.768 Thread 0x000001aaa5a81000 Exception <a 'java/io/IOException'{0x00000000fed736d0}> (0x00000000fed736d0) thrown at [./src/hotspot/share/prims/jni.cpp, line 616]
Event: 15.775 Thread 0x000001aaa5a81000 Exception <a 'java/lang/NoSuchMethodError'{0x00000000fec2b9a0}: 'int java.lang.invoke.DirectMethodHandle$Holder.invokeVirtual(java.lang.Object, java.lang.Object)'> (0x00000000fec2b9a0) thrown at [./src/hotspot/share/interpreter/linkResolver.cpp, line 773]
Event: 15.779 Thread 0x000001aac16f3000 Exception <a 'java/io/IOException'{0x00000000fed82cb0}> (0x00000000fed82cb0) thrown at [./src/hotspot/share/prims/jni.cpp, line 616]

Events (20 events):
Event: 15.789 loading class org/gradle/internal/buildevents/BuildExceptionReporter$FailureDetails
Event: 15.789 loading class org/gradle/internal/buildevents/BuildExceptionReporter$FailureDetails done
Event: 15.790 loading class org/gradle/internal/logging/text/BufferingStyledTextOutput
Event: 15.790 loading class org/gradle/internal/logging/text/BufferingStyledTextOutput done
Event: 15.790 loading class org/gradle/internal/buildevents/BuildExceptionReporter$ExceptionStyle
Event: 15.790 loading class org/gradle/internal/buildevents/BuildExceptionReporter$ExceptionStyle done
Event: 15.791 loading class org/gradle/internal/logging/text/BufferingStyledTextOutput$1
Event: 15.791 loading class org/gradle/internal/logging/text/BufferingStyledTextOutput$1 done
Event: 15.791 loading class org/gradle/internal/exceptions/FailureResolutionAware
Event: 15.791 loading class org/gradle/internal/exceptions/FailureResolutionAware done
Event: 15.791 loading class org/gradle/internal/logging/text/AbstractStyledTextOutput$StyleOverrideTextOutput
Event: 15.791 loading class org/gradle/internal/logging/text/AbstractStyledTextOutput$StyleOverrideTextOutput done
Event: 15.792 loading class org/gradle/internal/logging/text/BufferingStyledTextOutput$ChangeStyleAction
Event: 15.792 loading class org/gradle/internal/logging/text/BufferingStyledTextOutput$ChangeStyleAction done
Event: 15.792 loading class org/gradle/internal/exceptions/ContextAwareException
Event: 15.792 loading class org/gradle/internal/exceptions/ContextAwareException done
Event: 15.793 loading class org/gradle/internal/exceptions/StyledException
Event: 15.793 loading class org/gradle/internal/exceptions/StyledException done
Event: 15.794 loading class org/gradle/internal/buildevents/BuildExceptionReporter$1
Event: 15.794 loading class org/gradle/internal/buildevents/BuildExceptionReporter$1 done


Dynamic libraries:
0x00007ff6f6270000 - 0x00007ff6f627d000 	C:\Program Files\OpenJDK\openjdk-11.0.14.1_1\bin\java.exe
0x00007ffb0a3f0000 - 0x00007ffb0a5e5000 	C:\WINDOWS\SYSTEM32\ntdll.dll
0x00007ffb08720000 - 0x00007ffb087de000 	C:\WINDOWS\System32\KERNEL32.DLL
0x00007ffb07f90000 - 0x00007ffb08258000 	C:\WINDOWS\System32\KERNELBASE.dll
0x00007ffb07b10000 - 0x00007ffb07c10000 	C:\WINDOWS\System32\ucrtbase.dll
0x00007ffb051c0000 - 0x00007ffb051d7000 	C:\Program Files\OpenJDK\openjdk-11.0.14.1_1\bin\jli.dll
0x00007ffb028f0000 - 0x00007ffb02905000 	C:\Program Files\OpenJDK\openjdk-11.0.14.1_1\bin\VCRUNTIME140.dll
0x00007ffb087e0000 - 0x00007ffb08980000 	C:\WINDOWS\System32\USER32.dll
0x00007ffaf3fb0000 - 0x00007ffaf424a000 	C:\WINDOWS\WinSxS\amd64_microsoft.windows.common-controls_6595b64144ccf1df_6.0.19041.1110_none_60b5254171f9507e\COMCTL32.dll
0x00007ffb07ef0000 - 0x00007ffb07f12000 	C:\WINDOWS\System32\win32u.dll
0x00007ffb090d0000 - 0x00007ffb090fb000 	C:\WINDOWS\System32\GDI32.dll
0x00007ffb09960000 - 0x00007ffb099fe000 	C:\WINDOWS\System32\msvcrt.dll
0x00007ffb08340000 - 0x00007ffb0844b000 	C:\WINDOWS\System32\gdi32full.dll
0x00007ffb07cf0000 - 0x00007ffb07d8d000 	C:\WINDOWS\System32\msvcp_win.dll
0x00007ffb0a2a0000 - 0x00007ffb0a2d0000 	C:\WINDOWS\System32\IMM32.DLL
0x00007ffaffcf0000 - 0x00007ffaffd8b000 	C:\Program Files\OpenJDK\openjdk-11.0.14.1_1\bin\msvcp140.dll
0x00007ffad7720000 - 0x00007ffad822d000 	C:\Program Files\OpenJDK\openjdk-11.0.14.1_1\bin\server\jvm.dll
0x00007ffb0a1d0000 - 0x00007ffb0a27e000 	C:\WINDOWS\System32\ADVAPI32.dll
0x00007ffb09170000 - 0x00007ffb0920c000 	C:\WINDOWS\System32\sechost.dll
0x00007ffb09210000 - 0x00007ffb09335000 	C:\WINDOWS\System32\RPCRT4.dll
0x00007ffb08710000 - 0x00007ffb08718000 	C:\WINDOWS\System32\PSAPI.DLL
0x00007ffb05130000 - 0x00007ffb0513a000 	C:\WINDOWS\SYSTEM32\VERSION.dll
0x00007ffafdac0000 - 0x00007ffafdae7000 	C:\WINDOWS\SYSTEM32\WINMM.dll
0x00007ffb030a0000 - 0x00007ffb030a9000 	C:\WINDOWS\SYSTEM32\WSOCK32.dll
0x00007ffb09100000 - 0x00007ffb0916b000 	C:\WINDOWS\System32\WS2_32.dll
0x00007ffb06370000 - 0x00007ffb06382000 	C:\WINDOWS\SYSTEM32\kernel.appcore.dll
0x00007ffb02ea0000 - 0x00007ffb02eb0000 	C:\Program Files\OpenJDK\openjdk-11.0.14.1_1\bin\verify.dll
0x00007ffb04af0000 - 0x00007ffb04cd4000 	C:\WINDOWS\SYSTEM32\DBGHELP.DLL
0x00007ffaf2ec0000 - 0x00007ffaf2eec000 	C:\WINDOWS\SYSTEM32\dbgcore.DLL
0x00007ffb082b0000 - 0x00007ffb08332000 	C:\WINDOWS\System32\bcryptPrimitives.dll
0x00007ffb008d0000 - 0x00007ffb008f8000 	C:\Program Files\OpenJDK\openjdk-11.0.14.1_1\bin\java.dll
0x00007ffb017e0000 - 0x00007ffb017ea000 	C:\Program Files\OpenJDK\openjdk-11.0.14.1_1\bin\jimage.dll
0x00007ffb01230000 - 0x00007ffb01248000 	C:\Program Files\OpenJDK\openjdk-11.0.14.1_1\bin\zip.dll
0x00007ffb08980000 - 0x00007ffb090c4000 	C:\WINDOWS\System32\SHELL32.dll
0x00007ffb05bc0000 - 0x00007ffb06354000 	C:\WINDOWS\SYSTEM32\windows.storage.dll
0x00007ffb09340000 - 0x00007ffb09694000 	C:\WINDOWS\System32\combase.dll
0x00007ffb07570000 - 0x00007ffb0759c000 	C:\WINDOWS\SYSTEM32\Wldp.dll
0x00007ffb098b0000 - 0x00007ffb0995d000 	C:\WINDOWS\System32\SHCORE.dll
0x00007ffb0a170000 - 0x00007ffb0a1c5000 	C:\WINDOWS\System32\shlwapi.dll
0x00007ffb07a50000 - 0x00007ffb07a6f000 	C:\WINDOWS\SYSTEM32\profapi.dll
0x00007ffb00d80000 - 0x00007ffb00d99000 	C:\Program Files\OpenJDK\openjdk-11.0.14.1_1\bin\net.dll
0x00007ffb02930000 - 0x00007ffb02a39000 	C:\WINDOWS\SYSTEM32\WINHTTP.dll
0x00007ffb072d0000 - 0x00007ffb0733a000 	C:\WINDOWS\system32\mswsock.dll
0x00007ffaffcd0000 - 0x00007ffaffce3000 	C:\Program Files\OpenJDK\openjdk-11.0.14.1_1\bin\nio.dll
0x00007ffaffca0000 - 0x00007ffaffcc7000 	C:\Users\kasti\.gradle\native\49d0259a56938c7f99b2704e745ce422c4f750a7a20b539a32ccef96729676b1\windows-amd64\native-platform.dll
0x00007ffaec800000 - 0x00007ffaec991000 	C:\Users\kasti\.gradle\native\12488b8bf47d2d4c9fbf2f6322a914ad602e24e48041cd04a747c6da556b65c4\windows-amd64\native-platform-file-events.dll
0x00007ffaffb40000 - 0x00007ffaffb4a000 	C:\Users\kasti\.gradle\native\jansi\1.18\windows64\jansi.dll
0x00007ffb01590000 - 0x00007ffb01599000 	C:\Program Files\OpenJDK\openjdk-11.0.14.1_1\bin\management.dll
0x00007ffb009b0000 - 0x00007ffb009bb000 	C:\Program Files\OpenJDK\openjdk-11.0.14.1_1\bin\management_ext.dll
0x00007ffb074d0000 - 0x00007ffb074e8000 	C:\WINDOWS\SYSTEM32\CRYPTSP.dll
0x00007ffb06be0000 - 0x00007ffb06c14000 	C:\WINDOWS\system32\rsaenh.dll
0x00007ffb07c10000 - 0x00007ffb07c37000 	C:\WINDOWS\System32\bcrypt.dll
0x00007ffb079d0000 - 0x00007ffb079fe000 	C:\WINDOWS\SYSTEM32\USERENV.dll
0x00007ffb074c0000 - 0x00007ffb074cc000 	C:\WINDOWS\SYSTEM32\CRYPTBASE.dll
0x00007ffb06f70000 - 0x00007ffb06fab000 	C:\WINDOWS\SYSTEM32\IPHLPAPI.DLL
0x00007ffb08660000 - 0x00007ffb08668000 	C:\WINDOWS\System32\NSI.dll
0x00007ffb00e00000 - 0x00007ffb00e17000 	C:\WINDOWS\SYSTEM32\dhcpcsvc6.DLL
0x00007ffb00da0000 - 0x00007ffb00dbd000 	C:\WINDOWS\SYSTEM32\dhcpcsvc.DLL
0x00007ffb06fb0000 - 0x00007ffb0707a000 	C:\WINDOWS\SYSTEM32\DNSAPI.dll

dbghelp: loaded successfully - version: 4.0.5 - missing functions: none
symbol engine: initialized successfully - sym options: 0x614 - pdb path: .;C:\Program Files\OpenJDK\openjdk-11.0.14.1_1\bin;C:\WINDOWS\SYSTEM32;C:\WINDOWS\WinSxS\amd64_microsoft.windows.common-controls_6595b64144ccf1df_6.0.19041.1110_none_60b5254171f9507e;C:\Program Files\OpenJDK\openjdk-11.0.14.1_1\bin\server;C:\Users\kasti\.gradle\native\49d0259a56938c7f99b2704e745ce422c4f750a7a20b539a32ccef96729676b1\windows-amd64;C:\Users\kasti\.gradle\native\12488b8bf47d2d4c9fbf2f6322a914ad602e24e48041cd04a747c6da556b65c4\windows-amd64;C:\Users\kasti\.gradle\native\jansi\1.18\windows64

VM Arguments:
jvm_args: -Xmx64m -Xms64m -Dorg.gradle.appname=gradlew 
java_command: org.gradle.wrapper.GradleWrapperMain app:installDebug -PreactNativeDevServerPort=8081
java_class_path (initial): C:\Users\kasti\workspace\FE Work Tasks\Yad2\KastiSays\android\\gradle\wrapper\gradle-wrapper.jar
Launcher Type: SUN_STANDARD

[Global flags]
     intx CICompilerCount                          = 4                                         {product} {ergonomic}
     uint ConcGCThreads                            = 2                                         {product} {ergonomic}
     uint G1ConcRefinementThreads                  = 8                                         {product} {ergonomic}
   size_t G1HeapRegionSize                         = 1048576                                   {product} {ergonomic}
    uintx GCDrainStackTargetSize                   = 64                                        {product} {ergonomic}
   size_t InitialHeapSize                          = 67108864                                  {product} {command line}
   size_t MarkStackSize                            = 4194304                                   {product} {ergonomic}
   size_t MaxHeapSize                              = 67108864                                  {product} {command line}
   size_t MaxNewSize                               = 39845888                                  {product} {ergonomic}
   size_t MinHeapDeltaBytes                        = 1048576                                   {product} {ergonomic}
    uintx NonNMethodCodeHeapSize                   = 5836300                                {pd product} {ergonomic}
    uintx NonProfiledCodeHeapSize                  = 122910970                              {pd product} {ergonomic}
    uintx ProfiledCodeHeapSize                     = 122910970                              {pd product} {ergonomic}
    uintx ReservedCodeCacheSize                    = 251658240                              {pd product} {ergonomic}
     bool SegmentedCodeCache                       = true                                      {product} {ergonomic}
     bool UseCompressedClassPointers               = true                                 {lp64_product} {ergonomic}
     bool UseCompressedOops                        = true                                 {lp64_product} {ergonomic}
     bool UseG1GC                                  = true                                      {product} {ergonomic}
     bool UseLargePagesIndividualAllocation        = false                                  {pd product} {ergonomic}

Logging:
Log output configuration:
 #0: stdout all=warning uptime,level,tags
 #1: stderr all=off uptime,level,tags

Environment Variables:
JAVA_HOME=C:\Program Files\OpenJDK\openjdk-11.0.14.1_1
CLASSPATH=C:\Users\kasti\workspace\FE Work Tasks\Yad2\KastiSays\android\\gradle\wrapper\gradle-wrapper.jar
PATH=C:\Users\kasti\workspace\FE Work Tasks\Yad2\KastiSays\android\node_modules\.bin;C:\Users\kasti\workspace\FE Work Tasks\Yad2\KastiSays\node_modules\.bin;C:\Users\kasti\workspace\FE Work Tasks\Yad2\node_modules\.bin;C:\Users\kasti\workspace\FE Work Tasks\node_modules\.bin;C:\Users\kasti\workspace\node_modules\.bin;C:\Users\kasti\node_modules\.bin;C:\Users\node_modules\.bin;C:\node_modules\.bin;C:\Program Files\nodejs;C:\Users\kasti\AppData\Local\Temp\yarn--1649330452619-0.13329371353934727;C:\Users\kasti\workspace\FE Work Tasks\Yad2\KastiSays\node_modules\.bin;C:\Users\kasti\AppData\Local\Yarn\Data\link\node_modules\.bin;C:\Program Files\libexec\lib\node_modules\npm\bin\node-gyp-bin;C:\Program Files\lib\node_modules\npm\bin\node-gyp-bin;C:\Program Files\nodejs\node_modules\npm\bin\node-gyp-bin;C:\Program Files\Git\mingw64\bin;C:\Program Files\Git\usr\bin;C:\Users\kasti\bin;C:\Python310\Scripts;C:\Python310;C:\Python39\Scripts;C:\Python39;C:\Program Files\AdoptOpenJDK\jdk-11.0.11.9-hotspot\bin;C:\Python27;C:\Python27\Scripts;C:\Program Files\AdoptOpenJDK\jre-8.0.275.1-hotspot\bin;C:\WINDOWS\system32;C:\WINDOWS;C:\WINDOWS\System32\Wbem;C:\WINDOWS\System32\WindowsPowerShell\v1.0;C:\WINDOWS\System32\OpenSSH;C:\ProgramData\chocolatey\bin;C:\Program Files (x86)\Yarn\bin;C:\Program Files\Java\jdk1.8.0_211\bin;C:\dev\android-sdk\tools;C:\dev\android-sdk\platform-tools;C:\Android\android-sdk\tools\bin;C:\Program Files\dotnet;C:\Program Files (x86)\dotnet;C:\Program Files\Git\cmd;C:\ProgramData\nvm;C:\Program Files\nodejs;C:\Program Files\nodejs;C:\Program Files\OpenJDK\openjdk-11.0.14.1_1\bin;C:\Program Files\MySQL\MySQL Shell 8.0\bin;C:\Users\kasti\AppData\Local\Microsoft\WindowsApps;C:\Users\kasti\AppData\Local\Yarn\bin;C:\Users\kasti\AppData\Local\Programs\Microsoft VS Code\bin;C:\dev\flutter\bin;C:\Users\kasti\AppData\Roaming\npm
USERNAME=kasti
LANG=en_US.UTF-8
OS=Windows_NT
PROCESSOR_IDENTIFIER=AMD64 Family 23 Model 96 Stepping 1, AuthenticAMD



---------------  S Y S T E M  ---------------

OS: Windows 10 , 64 bit Build 19041 (10.0.19041.1566)
OS uptime: 0 days 16:42 hours
Hyper-V role detected

CPU:total 8 (initial active 8) (8 cores per cpu, 1 threads per core) family 23 model 96 stepping 1 microcode 0x0, cmov, cx8, fxsr, mmx, sse, sse2, sse3, ssse3, sse4.1, sse4.2, popcnt, avx, avx2, aes, clmul, mmxext, 3dnowpref, lzcnt, sse4a, tsc, tscinvbit, tscinv, bmi1, bmi2, adx, sha, fma

Memory: 4k page, system-wide physical 7549M (753M free)
TotalPageFile size 31101M (AvailPageFile size 486M)
current process WorkingSet (physical memory assigned to process): 93M, peak: 93M
current process commit charge ("private bytes"): 164M, peak: 164M

vm_info: OpenJDK 64-Bit Server VM (11.0.14.1+1) for windows-amd64 JRE (11.0.14.1+1), built on Feb  9 2022 18:53:32 by "" with unknown MS VC++:1916

END.
